<?xml version="1.0" encoding="UTF-8"?>
<!-- Generated by org.testng.reporters.JUnitReportReporter -->
<testsuite hostname="DESKTOP-D23LR3J" failures="0" tests="7" name="com.qa.HIS.BrowserCompatibility_HIS.InpatientManagement_PrimaryDoctorChangeTest" time="52.145" errors="0" timestamp="2023-06-08T12:53:27 IST" skipped="0">
  <testcase classname="com.qa.HIS.BrowserCompatibility_HIS.InpatientManagement_PrimaryDoctorChangeTest" name="doLoginTest" time="0.972"/>
  <system-out/>
  <testcase classname="com.qa.HIS.BrowserCompatibility_HIS.InpatientManagement_PrimaryDoctorChangeTest" name="doNavigateToSelectHospitalLocationTest" time="0.003"/>
  <system-out/>
  <testcase classname="com.qa.HIS.BrowserCompatibility_HIS.InpatientManagement_PrimaryDoctorChangeTest" name="doNavigateToHISHomeTest" time="12.209"/>
  <system-out/>
  <testcase classname="com.qa.HIS.BrowserCompatibility_HIS.InpatientManagement_PrimaryDoctorChangeTest" name="doPrimarydoctorChangetest" time="1.165"/>
  <system-out/>
  <testcase classname="com.qa.HIS.BrowserCompatibility_HIS.InpatientManagement_PrimaryDoctorChangeTest" name="IPM_Primary_Doctor_Change_TC_2" time="14.520"/>
  <system-out/>
  <testcase classname="com.qa.HIS.BrowserCompatibility_HIS.InpatientManagement_PrimaryDoctorChangeTest" name="IPM_Primary_Doctor_Change_TC_3" time="15.700"/>
  <system-out/>
  <testcase classname="com.qa.HIS.BrowserCompatibility_HIS.InpatientManagement_PrimaryDoctorChangeTest" name="IPM_Primary_Doctor_Change_TC_1" time="7.576"/>
  <system-out/>
</testsuite> <!-- com.qa.HIS.BrowserCompatibility_HIS.InpatientManagement_PrimaryDoctorChangeTest -->
