<?xml version="1.0" encoding="UTF-8"?>
<!-- Generated by org.testng.reporters.JUnitReportReporter -->
<testsuite hostname="DESKTOP-D23LR3J" failures="0" tests="5" name="com.qa.HIS.BrowserCompatibility_HIS.MaternityCertificateTest" time="128.273" errors="0" timestamp="2023-06-13T11:09:11 IST" skipped="0">
  <testcase classname="com.qa.HIS.BrowserCompatibility_HIS.MaternityCertificateTest" name="doLoginTest" time="3.026"/>
  <system-out/>
  <testcase classname="com.qa.HIS.BrowserCompatibility_HIS.MaternityCertificateTest" name="doNavigateToSelectHospitalLocationTest" time="0.004"/>
  <system-out/>
  <testcase classname="com.qa.HIS.BrowserCompatibility_HIS.MaternityCertificateTest" name="doNavigateToHISHomeTest" time="16.131"/>
  <system-out/>
  <testcase classname="com.qa.HIS.BrowserCompatibility_HIS.MaternityCertificateTest" name="doNavigateToClinicalRecord_genrate_certificate" time="1.196"/>
  <system-out/>
  <testcase classname="com.qa.HIS.BrowserCompatibility_HIS.MaternityCertificateTest" name="testcaseforMaternityCertification" time="107.916"/>
  <system-out/>
</testsuite> <!-- com.qa.HIS.BrowserCompatibility_HIS.MaternityCertificateTest -->
