<?xml version="1.0" encoding="UTF-8"?>
<!-- Generated by org.testng.reporters.JUnitReportReporter -->
<testsuite hostname="DESKTOP-D23LR3J" failures="0" tests="7" name="com.qa.HIS.BrowserCompatibility_HIS.InpatientManagement_DoctorVisitTest" time="52.892" errors="0" timestamp="2023-06-09T09:55:42 IST" skipped="0">
  <testcase classname="com.qa.HIS.BrowserCompatibility_HIS.InpatientManagement_DoctorVisitTest" name="doLoginTest" time="3.356"/>
  <system-out/>
  <testcase classname="com.qa.HIS.BrowserCompatibility_HIS.InpatientManagement_DoctorVisitTest" name="doNavigateToSelectHospitalLocationTest" time="0.004"/>
  <system-out/>
  <testcase classname="com.qa.HIS.BrowserCompatibility_HIS.InpatientManagement_DoctorVisitTest" name="doNavigateToHISHomeTest" time="11.869"/>
  <system-out/>
  <testcase classname="com.qa.HIS.BrowserCompatibility_HIS.InpatientManagement_DoctorVisitTest" name="donavigateDoctorVisit" time="1.570"/>
  <system-out/>
  <testcase classname="com.qa.HIS.BrowserCompatibility_HIS.InpatientManagement_DoctorVisitTest" name="IPM_Doctor_Visits_TC_2" time="29.166"/>
  <system-out/>
  <testcase classname="com.qa.HIS.BrowserCompatibility_HIS.InpatientManagement_DoctorVisitTest" name="IPM_Doctor_Visits_TC_3" time="4.916"/>
  <system-out/>
  <testcase classname="com.qa.HIS.BrowserCompatibility_HIS.InpatientManagement_DoctorVisitTest" name="IPM_Doctor_Visits_TC_10" time="2.011"/>
  <system-out/>
</testsuite> <!-- com.qa.HIS.BrowserCompatibility_HIS.InpatientManagement_DoctorVisitTest -->
