<?xml version="1.0" encoding="UTF-8"?>
<!-- Generated by org.testng.reporters.JUnitReportReporter -->
<testsuite hostname="DESKTOP-D23LR3J" failures="0" tests="22" name="com.qa.HIS.BrowserCompatibility_HIS.C13622_MISC_Change_In_HIS_ITR2_Test" time="534.397" errors="1" timestamp="2022-12-20T11:13:18 IST" skipped="0">
  <testcase classname="com.qa.HIS.BrowserCompatibility_HIS.C13622_MISC_Change_In_HIS_ITR2_Test" name="doLoginTest" time="2.799"/>
  <system-out/>
  <testcase classname="com.qa.HIS.BrowserCompatibility_HIS.C13622_MISC_Change_In_HIS_ITR2_Test" name="doNavigateToSelectHospitalLocationTest" time="0.004"/>
  <system-out/>
  <testcase classname="com.qa.HIS.BrowserCompatibility_HIS.C13622_MISC_Change_In_HIS_ITR2_Test" name="doNavigateToHISHomeTest" time="12.350"/>
  <system-out/>
  <testcase classname="com.qa.HIS.BrowserCompatibility_HIS.C13622_MISC_Change_In_HIS_ITR2_Test" name="DoTestForGotoCheckInScreen" time="5.573"/>
  <system-out/>
  <testcase classname="com.qa.HIS.BrowserCompatibility_HIS.C13622_MISC_Change_In_HIS_ITR2_Test" name="HIS_ClinicalRecord_Casesheet_TC_3" time="79.795"/>
  <system-out/>
  <testcase classname="com.qa.HIS.BrowserCompatibility_HIS.C13622_MISC_Change_In_HIS_ITR2_Test" name="DoTest_FunctionalityOfGenricRadioButtonwithAllopathicRadioButton" time="38.014"/>
  <system-out/>
  <testcase classname="com.qa.HIS.BrowserCompatibility_HIS.C13622_MISC_Change_In_HIS_ITR2_Test" name="DoTest_FunctionalityOfGenricRadioButtonwithAyurvadicRadioButton" time="10.445"/>
  <system-out/>
  <testcase classname="com.qa.HIS.BrowserCompatibility_HIS.C13622_MISC_Change_In_HIS_ITR2_Test" name="DoTest_FunctionalityOfGenricRadioButtonwithHomeopahicRadioButton" time="10.377"/>
  <system-out/>
  <testcase classname="com.qa.HIS.BrowserCompatibility_HIS.C13622_MISC_Change_In_HIS_ITR2_Test" name="DoTest_FunctionalityOfGenricRadioButtonwithCRCRadioButton" time="10.951"/>
  <system-out/>
  <testcase classname="com.qa.HIS.BrowserCompatibility_HIS.C13622_MISC_Change_In_HIS_ITR2_Test" name="DoTest_FunctionalityOfGenricRadioButtonwithAllRadioButton" time="10.922"/>
  <system-out/>
  <testcase classname="com.qa.HIS.BrowserCompatibility_HIS.C13622_MISC_Change_In_HIS_ITR2_Test" name="DoTest_CloseThePrescriptionWindow" time="3.353"/>
  <system-out/>
  <testcase classname="com.qa.HIS.BrowserCompatibility_HIS.C13622_MISC_Change_In_HIS_ITR2_Test" name="DoTest_FunctionalityOfDrugRadioButtonwithAllopaticRadioButton" time="18.875"/>
  <system-out/>
  <testcase classname="com.qa.HIS.BrowserCompatibility_HIS.C13622_MISC_Change_In_HIS_ITR2_Test" name="DoTest_FunctionalityOfDrugRadioButtonwithAyurvadicRadioButton" time="10.487"/>
  <system-out/>
  <testcase classname="com.qa.HIS.BrowserCompatibility_HIS.C13622_MISC_Change_In_HIS_ITR2_Test" name="DoTest_FunctionalityOfDrugRadioButtonwithHomeopahicRadioButton" time="10.373"/>
  <system-out/>
  <testcase classname="com.qa.HIS.BrowserCompatibility_HIS.C13622_MISC_Change_In_HIS_ITR2_Test" name="DoTest_FunctionalityOfDrugRadioButtonwithCRCRadioButton" time="12.496"/>
  <system-out/>
  <testcase classname="com.qa.HIS.BrowserCompatibility_HIS.C13622_MISC_Change_In_HIS_ITR2_Test" name="DoTest_FunctionalityOfDrugRadioButtonwithAllRadioButton" time="13.962"/>
  <system-out/>
  <testcase classname="com.qa.HIS.BrowserCompatibility_HIS.C13622_MISC_Change_In_HIS_ITR2_Test" name="DoTest_Prescripbe_Medicine" time="67.146"/>
  <system-out/>
  <testcase classname="com.qa.HIS.BrowserCompatibility_HIS.C13622_MISC_Change_In_HIS_ITR2_Test" name="DoTest_OneDoctorOnePrescriptionWithNoIssue" time="50.063"/>
  <system-out/>
  <testcase classname="com.qa.HIS.BrowserCompatibility_HIS.C13622_MISC_Change_In_HIS_ITR2_Test" name="DoTest_PartllyIssue" time="81.544"/>
  <system-out/>
  <testcase classname="com.qa.HIS.BrowserCompatibility_HIS.C13622_MISC_Change_In_HIS_ITR2_Test" name="DoTest_OneDoctorOnePrescriptionWithPartellyIssue" time="25.240"/>
  <system-out/>
  <testcase classname="com.qa.HIS.BrowserCompatibility_HIS.C13622_MISC_Change_In_HIS_ITR2_Test" name="DoTest_FullyIssue" time="47.306"/>
  <system-out/>
  <testcase classname="com.qa.HIS.BrowserCompatibility_HIS.C13622_MISC_Change_In_HIS_ITR2_Test" name="DoTest_OneDoctorOnePrescriptionWithFullyIssue" time="12.322">
    <error message="The element reference of &lt;input id=&quot;ctl00_cphpage_txtCheckinno&quot; name=&quot;ctl00$cphpage$txtCheckinno&quot; type=&quot;text&quot;&gt; is stale; either the element is no longer attached to the DOM, it is not in the current frame context, or the document has been refreshed
For documentation on this error, please visit: https://selenium.dev/exceptions/#stale_element_reference
Build info: version: &#039;4.0.0&#039;, revision: &#039;3a21814679&#039;
System info: host: &#039;DESKTOP-D23LR3J&#039;, ip: &#039;10.10.11.175&#039;, os.name: &#039;Windows 10&#039;, os.arch: &#039;amd64&#039;, os.version: &#039;10.0&#039;, java.version: &#039;16.0.2&#039;
Driver info: org.openqa.selenium.firefox.FirefoxDriver
Command: [8f58244f-62d1-4076-af3d-a599e06f1060, isElementDisplayed {id=6506005e-42a4-4577-bfa5-d7ebfd097202}]
Capabilities {acceptInsecureCerts: true, browserName: firefox, browserVersion: 108.0, javascriptEnabled: true, moz:accessibilityChecks: false, moz:buildID: 20221208122842, moz:debuggerAddress: 127.0.0.1:49712, moz:geckodriverVersion: 0.30.0, moz:headless: false, moz:platformVersion: 10.0, moz:processID: 13520, moz:profile: C:\Users\KULVIR~1\AppData\L..., moz:shutdownTimeout: 60000, moz:useNonSpecCompliantPointerOrigin: false, moz:webdriverClick: true, moz:windowless: false, pageLoadStrategy: normal, platform: WINDOWS, platformName: WINDOWS, proxy: Proxy(), se:cdp: ws://127.0.0.1:49712/devtoo..., se:cdpVersion: 85, setWindowRect: true, strictFileInteractability: false, timeouts: {implicit: 0, pageLoad: 300000, script: 30000}, unhandledPromptBehavior: dismiss and notify}
Element: [[FirefoxDriver: firefox on WINDOWS (8f58244f-62d1-4076-af3d-a599e06f1060)] -&gt; id: ctl00_cphpage_txtCheckinno]
Session ID: 8f58244f-62d1-4076-af3d-a599e06f1060" type="org.openqa.selenium.StaleElementReferenceException">
      <![CDATA[org.openqa.selenium.StaleElementReferenceException: The element reference of <input id="ctl00_cphpage_txtCheckinno" name="ctl00$cphpage$txtCheckinno" type="text"> is stale; either the element is no longer attached to the DOM, it is not in the current frame context, or the document has been refreshed
For documentation on this error, please visit: https://selenium.dev/exceptions/#stale_element_reference
Build info: version: '4.0.0', revision: '3a21814679'
System info: host: 'DESKTOP-D23LR3J', ip: '10.10.11.175', os.name: 'Windows 10', os.arch: 'amd64', os.version: '10.0', java.version: '16.0.2'
Driver info: org.openqa.selenium.firefox.FirefoxDriver
Command: [8f58244f-62d1-4076-af3d-a599e06f1060, isElementDisplayed {id=6506005e-42a4-4577-bfa5-d7ebfd097202}]
Capabilities {acceptInsecureCerts: true, browserName: firefox, browserVersion: 108.0, javascriptEnabled: true, moz:accessibilityChecks: false, moz:buildID: 20221208122842, moz:debuggerAddress: 127.0.0.1:49712, moz:geckodriverVersion: 0.30.0, moz:headless: false, moz:platformVersion: 10.0, moz:processID: 13520, moz:profile: C:\Users\KULVIR~1\AppData\L..., moz:shutdownTimeout: 60000, moz:useNonSpecCompliantPointerOrigin: false, moz:webdriverClick: true, moz:windowless: false, pageLoadStrategy: normal, platform: WINDOWS, platformName: WINDOWS, proxy: Proxy(), se:cdp: ws://127.0.0.1:49712/devtoo..., se:cdpVersion: 85, setWindowRect: true, strictFileInteractability: false, timeouts: {implicit: 0, pageLoad: 300000, script: 30000}, unhandledPromptBehavior: dismiss and notify}
Element: [[FirefoxDriver: firefox on WINDOWS (8f58244f-62d1-4076-af3d-a599e06f1060)] -> id: ctl00_cphpage_txtCheckinno]
Session ID: 8f58244f-62d1-4076-af3d-a599e06f1060
at java.base/jdk.internal.reflect.NativeConstructorAccessorImpl.newInstance0(Native Method)
at java.base/jdk.internal.reflect.NativeConstructorAccessorImpl.newInstance(NativeConstructorAccessorImpl.java:78)
at java.base/jdk.internal.reflect.DelegatingConstructorAccessorImpl.newInstance(DelegatingConstructorAccessorImpl.java:45)
at java.base/java.lang.reflect.Constructor.newInstanceWithCaller(Constructor.java:499)
at java.base/java.lang.reflect.Constructor.newInstance(Constructor.java:480)
at org.openqa.selenium.remote.codec.w3c.W3CHttpResponseCodec.createException(W3CHttpResponseCodec.java:200)
at org.openqa.selenium.remote.codec.w3c.W3CHttpResponseCodec.decode(W3CHttpResponseCodec.java:133)
at org.openqa.selenium.remote.codec.w3c.W3CHttpResponseCodec.decode(W3CHttpResponseCodec.java:53)
at org.openqa.selenium.remote.HttpCommandExecutor.execute(HttpCommandExecutor.java:184)
at org.openqa.selenium.remote.service.DriverCommandExecutor.invokeExecute(DriverCommandExecutor.java:164)
at org.openqa.selenium.remote.service.DriverCommandExecutor.execute(DriverCommandExecutor.java:139)
at org.openqa.selenium.remote.RemoteWebDriver.execute(RemoteWebDriver.java:559)
at org.openqa.selenium.remote.RemoteWebElement.execute(RemoteWebElement.java:251)
at org.openqa.selenium.remote.RemoteWebElement.isDisplayed(RemoteWebElement.java:307)
at org.openqa.selenium.support.ui.ExpectedConditions.elementIfVisible(ExpectedConditions.java:307)
at org.openqa.selenium.support.ui.ExpectedConditions.access$000(ExpectedConditions.java:40)
at org.openqa.selenium.support.ui.ExpectedConditions$10.apply(ExpectedConditions.java:293)
at org.openqa.selenium.support.ui.ExpectedConditions$10.apply(ExpectedConditions.java:290)
at org.openqa.selenium.support.ui.FluentWait.until(FluentWait.java:208)
at com.qa.HIS.BrowserCompatibility_HIS.C13622_MISC_Change_In_HIS_ITR2_Test.DoTest_OneDoctorOnePrescriptionWithFullyIssue(C13622_MISC_Change_In_HIS_ITR2_Test.java:666)
at java.base/jdk.internal.reflect.NativeMethodAccessorImpl.invoke0(Native Method)
at java.base/jdk.internal.reflect.NativeMethodAccessorImpl.invoke(NativeMethodAccessorImpl.java:78)
at java.base/jdk.internal.reflect.DelegatingMethodAccessorImpl.invoke(DelegatingMethodAccessorImpl.java:43)
at java.base/java.lang.reflect.Method.invoke(Method.java:567)
at org.testng.internal.MethodInvocationHelper.invokeMethod(MethodInvocationHelper.java:133)
at org.testng.internal.TestInvoker.invokeMethod(TestInvoker.java:598)
at org.testng.internal.TestInvoker.invokeTestMethod(TestInvoker.java:173)
at org.testng.internal.MethodRunner.runInSequence(MethodRunner.java:46)
at org.testng.internal.TestInvoker$MethodInvocationAgent.invoke(TestInvoker.java:824)
at org.testng.internal.TestInvoker.invokeTestMethods(TestInvoker.java:146)
at org.testng.internal.TestMethodWorker.invokeTestMethods(TestMethodWorker.java:146)
at org.testng.internal.TestMethodWorker.run(TestMethodWorker.java:128)
at java.base/java.util.ArrayList.forEach(ArrayList.java:1511)
at org.testng.TestRunner.privateRun(TestRunner.java:794)
at org.testng.TestRunner.run(TestRunner.java:596)
at org.testng.SuiteRunner.runTest(SuiteRunner.java:377)
at org.testng.SuiteRunner.runSequentially(SuiteRunner.java:371)
at org.testng.SuiteRunner.privateRun(SuiteRunner.java:332)
at org.testng.SuiteRunner.run(SuiteRunner.java:276)
at org.testng.SuiteRunnerWorker.runSuite(SuiteRunnerWorker.java:53)
at org.testng.SuiteRunnerWorker.run(SuiteRunnerWorker.java:96)
at org.testng.TestNG.runSuitesSequentially(TestNG.java:1212)
at org.testng.TestNG.runSuitesLocally(TestNG.java:1134)
at org.testng.TestNG.runSuites(TestNG.java:1063)
at org.testng.TestNG.run(TestNG.java:1031)
at org.testng.remote.AbstractRemoteTestNG.run(AbstractRemoteTestNG.java:115)
at org.testng.remote.RemoteTestNG.initAndRun(RemoteTestNG.java:251)
at org.testng.remote.RemoteTestNG.main(RemoteTestNG.java:77)
]]>
    </error>
  </testcase> <!-- DoTest_OneDoctorOnePrescriptionWithFullyIssue -->
  <system-out/>
</testsuite> <!-- com.qa.HIS.BrowserCompatibility_HIS.C13622_MISC_Change_In_HIS_ITR2_Test -->
