<?xml version="1.0" encoding="UTF-8"?>
<!-- Generated by org.testng.reporters.JUnitReportReporter -->
<testsuite hostname="DESKTOP-D23LR3J" failures="0" tests="9" name="com.qa.HIS.BrowserCompatibility_HIS.PatientCheckInTest" time="163.991" errors="0" timestamp="2023-05-31T16:14:09 IST" skipped="0">
  <testcase classname="com.qa.HIS.BrowserCompatibility_HIS.PatientCheckInTest" name="doLoginTest" time="3.036"/>
  <system-out/>
  <testcase classname="com.qa.HIS.BrowserCompatibility_HIS.PatientCheckInTest" name="doNavigateToSelectHospitalLocationTest" time="0.008"/>
  <system-out/>
  <testcase classname="com.qa.HIS.BrowserCompatibility_HIS.PatientCheckInTest" name="doNavigateToHISHomeTest" time="12.229"/>
  <system-out/>
  <testcase classname="com.qa.HIS.BrowserCompatibility_HIS.PatientCheckInTest" name="doNavigateToPatientCheckInTest" time="5.622"/>
  <system-out/>
  <testcase classname="com.qa.HIS.BrowserCompatibility_HIS.PatientCheckInTest" name="Check_TheFunctionality_IPNumber" time="24.016"/>
  <system-out/>
  <testcase classname="com.qa.HIS.BrowserCompatibility_HIS.PatientCheckInTest" name="to_checkThe_functionality_PrintButton" time="36.251"/>
  <system-out/>
  <testcase classname="com.qa.HIS.BrowserCompatibility_HIS.PatientCheckInTest" name="toCheck_theFunctionality_UHIDSearch" time="38.213"/>
  <system-out/>
  <testcase classname="com.qa.HIS.BrowserCompatibility_HIS.PatientCheckInTest" name="doTestRefferls" time="24.881"/>
  <system-out/>
  <testcase classname="com.qa.HIS.BrowserCompatibility_HIS.PatientCheckInTest" name="doTestTodays_Appointment_Button" time="19.735"/>
  <system-out/>
</testsuite> <!-- com.qa.HIS.BrowserCompatibility_HIS.PatientCheckInTest -->
