<?xml version="1.0" encoding="UTF-8"?>
<!-- Generated by org.testng.reporters.JUnitReportReporter -->
<testsuite hostname="DESKTOP-D23LR3J" failures="0" tests="5" name="com.qa.HIS.BrowserCompatibility_HIS.OToprative_OTNotesTest" time="236.378" errors="0" timestamp="2023-06-06T15:21:35 IST" skipped="0">
  <testcase classname="com.qa.HIS.BrowserCompatibility_HIS.OToprative_OTNotesTest" name="doLoginTest" time="0.790"/>
  <system-out/>
  <testcase classname="com.qa.HIS.BrowserCompatibility_HIS.OToprative_OTNotesTest" name="doNavigateToSelectHospitalLocationTest" time="0.004"/>
  <system-out/>
  <testcase classname="com.qa.HIS.BrowserCompatibility_HIS.OToprative_OTNotesTest" name="doNavigateToHISHomeTest" time="12.947"/>
  <system-out/>
  <testcase classname="com.qa.HIS.BrowserCompatibility_HIS.OToprative_OTNotesTest" name="doNavigateToOTandResourceSchedulingTest" time="3.384"/>
  <system-out/>
  <testcase classname="com.qa.HIS.BrowserCompatibility_HIS.OToprative_OTNotesTest" name="dotestcaseforotoperativeotnotesLink" time="219.253"/>
  <system-out/>
</testsuite> <!-- com.qa.HIS.BrowserCompatibility_HIS.OToprative_OTNotesTest -->
