<?xml version="1.0" encoding="UTF-8"?>
<!-- Generated by org.testng.reporters.JUnitReportReporter -->
<testsuite hostname="DESKTOP-D23LR3J" failures="0" tests="9" name="com.qa.HIS.BrowserCompatibility_HIS.InpatientManagement_VitalsEntryTest" time="65.928" errors="0" timestamp="2023-06-08T16:58:40 IST" skipped="0">
  <testcase classname="com.qa.HIS.BrowserCompatibility_HIS.InpatientManagement_VitalsEntryTest" name="doLoginTest" time="0.964"/>
  <system-out/>
  <testcase classname="com.qa.HIS.BrowserCompatibility_HIS.InpatientManagement_VitalsEntryTest" name="doNavigateToSelectHospitalLocationTest" time="0.002"/>
  <system-out/>
  <testcase classname="com.qa.HIS.BrowserCompatibility_HIS.InpatientManagement_VitalsEntryTest" name="doNavigateToHISHomeTest" time="11.897"/>
  <system-out/>
  <testcase classname="com.qa.HIS.BrowserCompatibility_HIS.InpatientManagement_VitalsEntryTest" name="donavigateVitalEntry" time="5.932"/>
  <system-out/>
  <testcase classname="com.qa.HIS.BrowserCompatibility_HIS.InpatientManagement_VitalsEntryTest" name="IPM_Vitals_Entry_TC_11" time="14.833"/>
  <system-out/>
  <testcase classname="com.qa.HIS.BrowserCompatibility_HIS.InpatientManagement_VitalsEntryTest" name="IPM_Vitals_Entry_TC_5" time="21.948"/>
  <system-out/>
  <testcase classname="com.qa.HIS.BrowserCompatibility_HIS.InpatientManagement_VitalsEntryTest" name="IPM_Vitals_Entry_TC_2" time="6.152"/>
  <system-out/>
  <testcase classname="com.qa.HIS.BrowserCompatibility_HIS.InpatientManagement_VitalsEntryTest" name="IPM_Vitals_Entry_TC_3" time="3.948"/>
  <system-out/>
  <testcase classname="com.qa.HIS.BrowserCompatibility_HIS.InpatientManagement_VitalsEntryTest" name="IPM_Vitals_Entry_TC_10" time="0.252"/>
  <system-out/>
</testsuite> <!-- com.qa.HIS.BrowserCompatibility_HIS.InpatientManagement_VitalsEntryTest -->
