<?xml version="1.0" encoding="UTF-8"?>
<!-- Generated by org.testng.reporters.JUnitReportReporter -->
<testsuite hostname="DESKTOP-D23LR3J" failures="0" tests="8" name="com.qa.HIS.BrowserCompatibility_HIS.Registration_ReportTest" time="57.322" errors="0" timestamp="2022-03-25T11:08:46 IST" skipped="0">
  <testcase classname="com.qa.HIS.BrowserCompatibility_HIS.Registration_ReportTest" name="doLoginTest" time="1.077"/>
  <system-out/>
  <testcase classname="com.qa.HIS.BrowserCompatibility_HIS.Registration_ReportTest" name="doNavigateToSelectHospitalLocationTest" time="0.003"/>
  <system-out/>
  <testcase classname="com.qa.HIS.BrowserCompatibility_HIS.Registration_ReportTest" name="doNavigateToHISHomeTest" time="11.367"/>
  <system-out/>
  <testcase classname="com.qa.HIS.BrowserCompatibility_HIS.Registration_ReportTest" name="DoNatigatetoLinkRegistration_Report" time="1.276"/>
  <system-out/>
  <testcase classname="com.qa.HIS.BrowserCompatibility_HIS.Registration_ReportTest" name="RegistrationReport_TC_1" time="14.722"/>
  <system-out/>
  <testcase classname="com.qa.HIS.BrowserCompatibility_HIS.Registration_ReportTest" name="RegistrationReport_TC_2" time="17.676"/>
  <system-out/>
  <testcase classname="com.qa.HIS.BrowserCompatibility_HIS.Registration_ReportTest" name="RegistrationReport_TC_3" time="9.881"/>
  <system-out/>
  <testcase classname="com.qa.HIS.BrowserCompatibility_HIS.Registration_ReportTest" name="RegistrationReport_TC_4" time="1.320"/>
  <system-out/>
</testsuite> <!-- com.qa.HIS.BrowserCompatibility_HIS.Registration_ReportTest -->
