<?xml version="1.0" encoding="UTF-8"?>
<!-- Generated by org.testng.reporters.JUnitReportReporter -->
<testsuite hostname="DESKTOP-D23LR3J" failures="0" tests="8" name="com.qa.HIS.BrowserCompatibility_HIS.InpatientManagement_IntakeOutputEntryTest" time="124.558" errors="0" timestamp="2023-06-09T10:06:54 IST" skipped="0">
  <testcase classname="com.qa.HIS.BrowserCompatibility_HIS.InpatientManagement_IntakeOutputEntryTest" name="doLoginTest" time="0.975"/>
  <system-out/>
  <testcase classname="com.qa.HIS.BrowserCompatibility_HIS.InpatientManagement_IntakeOutputEntryTest" name="doNavigateToSelectHospitalLocationTest" time="0.003"/>
  <system-out/>
  <testcase classname="com.qa.HIS.BrowserCompatibility_HIS.InpatientManagement_IntakeOutputEntryTest" name="doNavigateToHISHomeTest" time="12.486"/>
  <system-out/>
  <testcase classname="com.qa.HIS.BrowserCompatibility_HIS.InpatientManagement_IntakeOutputEntryTest" name="donavigattoIntakeoutputEntry" time="1.664"/>
  <system-out/>
  <testcase classname="com.qa.HIS.BrowserCompatibility_HIS.InpatientManagement_IntakeOutputEntryTest" name="IPM_Intake_Output_Entry_TC_1" time="50.288"/>
  <system-out/>
  <testcase classname="com.qa.HIS.BrowserCompatibility_HIS.InpatientManagement_IntakeOutputEntryTest" name="IPM_Intake_Output_Entry_TC_2" time="51.684"/>
  <system-out/>
  <testcase classname="com.qa.HIS.BrowserCompatibility_HIS.InpatientManagement_IntakeOutputEntryTest" name="IPM_Intake_Output_Entry_TC_3" time="2.683"/>
  <system-out/>
  <testcase classname="com.qa.HIS.BrowserCompatibility_HIS.InpatientManagement_IntakeOutputEntryTest" name="IPM_Intake_Output_Entry_TC_8" time="4.775"/>
  <system-out/>
</testsuite> <!-- com.qa.HIS.BrowserCompatibility_HIS.InpatientManagement_IntakeOutputEntryTest -->
