<?xml version="1.0" encoding="UTF-8"?>
<!-- Generated by org.testng.reporters.JUnitReportReporter -->
<testsuite hostname="DESKTOP-D23LR3J" failures="0" tests="4" name="com.qa.HIS.BrowserCompatibility_HIS.InpatientManagement_AmbulanceRequestTest" time="36.489" errors="0" timestamp="2023-04-20T14:05:53 IST" skipped="0">
  <testcase classname="com.qa.HIS.BrowserCompatibility_HIS.InpatientManagement_AmbulanceRequestTest" name="doLoginTest" time="9.092"/>
  <system-out/>
  <testcase classname="com.qa.HIS.BrowserCompatibility_HIS.InpatientManagement_AmbulanceRequestTest" name="doNavigateToSelectHospitalLocationTest" time="0.005"/>
  <system-out/>
  <testcase classname="com.qa.HIS.BrowserCompatibility_HIS.InpatientManagement_AmbulanceRequestTest" name="doNavigateToHISHomeTest" time="18.099"/>
  <system-out/>
  <testcase classname="com.qa.HIS.BrowserCompatibility_HIS.InpatientManagement_AmbulanceRequestTest" name="donavigateVitalEntry" time="9.293"/>
  <system-out/>
</testsuite> <!-- com.qa.HIS.BrowserCompatibility_HIS.InpatientManagement_AmbulanceRequestTest -->
