<?xml version="1.0" encoding="UTF-8"?>
<!-- Generated by org.testng.reporters.JUnitReportReporter -->
<testsuite hostname="DESKTOP-D23LR3J" failures="0" tests="7" name="com.qa.HIS.BrowserCompatibility_HIS.OperationTheatreTest" time="177.294" errors="0" timestamp="2023-06-06T14:31:36 IST" skipped="0">
  <testcase classname="com.qa.HIS.BrowserCompatibility_HIS.OperationTheatreTest" name="doLoginTest" time="0.705"/>
  <system-out/>
  <testcase classname="com.qa.HIS.BrowserCompatibility_HIS.OperationTheatreTest" name="doNavigateToSelectHospitalLocationTest" time="0.002"/>
  <system-out/>
  <testcase classname="com.qa.HIS.BrowserCompatibility_HIS.OperationTheatreTest" name="doNavigateToHISHomeTest" time="11.682"/>
  <system-out/>
  <testcase classname="com.qa.HIS.BrowserCompatibility_HIS.OperationTheatreTest" name="doNavigateTopatientCheck_in_Link" time="0.932"/>
  <system-out/>
  <testcase classname="com.qa.HIS.BrowserCompatibility_HIS.OperationTheatreTest" name="doTestForcreatePatientCheck_IN" time="26.721"/>
  <system-out/>
  <testcase classname="com.qa.HIS.BrowserCompatibility_HIS.OperationTheatreTest" name="dotestforOT_PAC" time="54.298"/>
  <system-out/>
  <testcase classname="com.qa.HIS.BrowserCompatibility_HIS.OperationTheatreTest" name="dotestforOT_PACandShduling" time="82.954"/>
  <system-out/>
</testsuite> <!-- com.qa.HIS.BrowserCompatibility_HIS.OperationTheatreTest -->
