<?xml version="1.0" encoding="UTF-8"?>
<!-- Generated by org.testng.reporters.JUnitReportReporter -->
<testsuite hostname="DESKTOP-D23LR3J" failures="0" tests="11" name="com.qa.HIS.BrowserCompatibility_HIS.Holiday_Master_for_Home_Sample_CollectionTest" time="90.905" errors="0" timestamp="2023-04-11T12:19:45 IST" skipped="0">
  <testcase classname="com.qa.HIS.BrowserCompatibility_HIS.Holiday_Master_for_Home_Sample_CollectionTest" name="doLoginTest" time="1.637"/>
  <system-out/>
  <testcase classname="com.qa.HIS.BrowserCompatibility_HIS.Holiday_Master_for_Home_Sample_CollectionTest" name="doNavigateToSelectHospitalLocationTest" time="0.003"/>
  <system-out/>
  <testcase classname="com.qa.HIS.BrowserCompatibility_HIS.Holiday_Master_for_Home_Sample_CollectionTest" name="doNavigateToHISHomeTest" time="14.196"/>
  <system-out/>
  <testcase classname="com.qa.HIS.BrowserCompatibility_HIS.Holiday_Master_for_Home_Sample_CollectionTest" name="HIS_HMHSC_TC_3" time="5.040"/>
  <system-out/>
  <testcase classname="com.qa.HIS.BrowserCompatibility_HIS.Holiday_Master_for_Home_Sample_CollectionTest" name="HIS_HMHSC_TC_4" time="12.900"/>
  <system-out/>
  <testcase classname="com.qa.HIS.BrowserCompatibility_HIS.Holiday_Master_for_Home_Sample_CollectionTest" name="HIS_HMHSC_TC_5" time="13.161"/>
  <system-out/>
  <testcase classname="com.qa.HIS.BrowserCompatibility_HIS.Holiday_Master_for_Home_Sample_CollectionTest" name="HIS_HMHSC_TC_6" time="7.416"/>
  <system-out/>
  <testcase classname="com.qa.HIS.BrowserCompatibility_HIS.Holiday_Master_for_Home_Sample_CollectionTest" name="HIS_HMHSC_TC_8" time="14.366"/>
  <system-out/>
  <testcase classname="com.qa.HIS.BrowserCompatibility_HIS.Holiday_Master_for_Home_Sample_CollectionTest" name="HIS_HMHSC_TC_9" time="6.292"/>
  <system-out/>
  <testcase classname="com.qa.HIS.BrowserCompatibility_HIS.Holiday_Master_for_Home_Sample_CollectionTest" name="HIS_HMHSC_TC_10" time="11.368"/>
  <system-out/>
  <testcase classname="com.qa.HIS.BrowserCompatibility_HIS.Holiday_Master_for_Home_Sample_CollectionTest" name="HIS_HMHSC_TC_11" time="4.526"/>
  <system-out/>
</testsuite> <!-- com.qa.HIS.BrowserCompatibility_HIS.Holiday_Master_for_Home_Sample_CollectionTest -->
