<?xml version="1.0" encoding="UTF-8"?>
<!-- Generated by org.testng.reporters.JUnitReportReporter -->
<testsuite hostname="DESKTOP-D23LR3J" failures="0" tests="7" name="com.qa.HIS.BrowserCompatibility_HIS.PrevantingHealthCheckUpTest" time="111.171" errors="0" timestamp="2023-06-16T12:48:31 IST" skipped="0">
  <testcase classname="com.qa.HIS.BrowserCompatibility_HIS.PrevantingHealthCheckUpTest" name="doLoginTest" time="10.246"/>
  <system-out/>
  <testcase classname="com.qa.HIS.BrowserCompatibility_HIS.PrevantingHealthCheckUpTest" name="doNavigateToSelectHospitalLocationTest" time="0.004"/>
  <system-out/>
  <testcase classname="com.qa.HIS.BrowserCompatibility_HIS.PrevantingHealthCheckUpTest" name="doNavigateToHISHomeTest" time="26.701"/>
  <system-out/>
  <testcase classname="com.qa.HIS.BrowserCompatibility_HIS.PrevantingHealthCheckUpTest" name="doNavigateToPatientCheckInTest" time="6.026"/>
  <system-out/>
  <testcase classname="com.qa.HIS.BrowserCompatibility_HIS.PrevantingHealthCheckUpTest" name="Annual_Preventive_Check_up_Validation_TC_05" time="26.093"/>
  <system-out/>
  <testcase classname="com.qa.HIS.BrowserCompatibility_HIS.PrevantingHealthCheckUpTest" name="Annual_Preventive_Check_up_Validation_TC_06" time="19.532"/>
  <system-out/>
  <testcase classname="com.qa.HIS.BrowserCompatibility_HIS.PrevantingHealthCheckUpTest" name="Annual_Preventive_Check_up_Validation_TC_07" time="22.569"/>
  <system-out/>
</testsuite> <!-- com.qa.HIS.BrowserCompatibility_HIS.PrevantingHealthCheckUpTest -->
