<?xml version="1.0" encoding="UTF-8"?>
<!-- Generated by org.testng.reporters.JUnitReportReporter -->
<testsuite hostname="DESKTOP-D23LR3J" failures="0" tests="11" name="com.qa.HIS.BrowserCompatibility_HIS.Emergency_Check_In_RegistrationTest" time="123.672" errors="0" timestamp="2023-06-01T10:35:15 IST" skipped="0">
  <testcase classname="com.qa.HIS.BrowserCompatibility_HIS.Emergency_Check_In_RegistrationTest" name="doLoginTest" time="3.872"/>
  <system-out/>
  <testcase classname="com.qa.HIS.BrowserCompatibility_HIS.Emergency_Check_In_RegistrationTest" name="doNavigateToSelectHospitalLocationTest" time="0.002"/>
  <system-out/>
  <testcase classname="com.qa.HIS.BrowserCompatibility_HIS.Emergency_Check_In_RegistrationTest" name="doNavigateToHISHomeTest" time="12.131"/>
  <system-out/>
  <testcase classname="com.qa.HIS.BrowserCompatibility_HIS.Emergency_Check_In_RegistrationTest" name="doNavigateToEmergency_Check_In_RegistrationPagesLink" time="1.758"/>
  <system-out/>
  <testcase classname="com.qa.HIS.BrowserCompatibility_HIS.Emergency_Check_In_RegistrationTest" name="Registration_Emergency_Checkin_Registration_TC_1" time="28.151"/>
  <system-out/>
  <testcase classname="com.qa.HIS.BrowserCompatibility_HIS.Emergency_Check_In_RegistrationTest" name="Registration_Emergency_Checkin_Registration_TC_8" time="17.164"/>
  <system-out/>
  <testcase classname="com.qa.HIS.BrowserCompatibility_HIS.Emergency_Check_In_RegistrationTest" name="Registration_Emergency_Checkin_Registration_TC_5" time="16.602"/>
  <system-out/>
  <testcase classname="com.qa.HIS.BrowserCompatibility_HIS.Emergency_Check_In_RegistrationTest" name="Registration_Emergency_Checkin_Registration_TC_7" time="5.352"/>
  <system-out/>
  <testcase classname="com.qa.HIS.BrowserCompatibility_HIS.Emergency_Check_In_RegistrationTest" name="Registration_Emergency_Checkin_Registration_TC_2" time="8.139"/>
  <system-out/>
  <testcase classname="com.qa.HIS.BrowserCompatibility_HIS.Emergency_Check_In_RegistrationTest" name="Registration_Emergency_Checkin_Registration_TC_3" time="25.434"/>
  <system-out/>
  <testcase classname="com.qa.HIS.BrowserCompatibility_HIS.Emergency_Check_In_RegistrationTest" name="Registration_Emergency_Checkin_Registration_TC_4" time="5.067"/>
  <system-out/>
</testsuite> <!-- com.qa.HIS.BrowserCompatibility_HIS.Emergency_Check_In_RegistrationTest -->
