<?xml version="1.0" encoding="UTF-8"?>
<!-- Generated by org.testng.reporters.JUnitReportReporter -->
<testsuite hostname="DESKTOP-D23LR3J" failures="0" tests="3" name="com.qa.HIS.BrowserCompatibility_HIS.Medical_Death_Record_Test" time="32.764" errors="0" timestamp="2023-06-08T12:18:18 IST" skipped="0">
  <testcase classname="com.qa.HIS.BrowserCompatibility_HIS.Medical_Death_Record_Test" name="doLoginTest_01" time="4.046"/>
  <system-out/>
  <testcase classname="com.qa.HIS.BrowserCompatibility_HIS.Medical_Death_Record_Test" name="doNavigateToSelectHospitalLocationTest_02" time="0.004"/>
  <system-out/>
  <testcase classname="com.qa.HIS.BrowserCompatibility_HIS.Medical_Death_Record_Test" name="dotestMedicalRecordDeathRegistration_TC_03" time="28.714"/>
  <system-out/>
</testsuite> <!-- com.qa.HIS.BrowserCompatibility_HIS.Medical_Death_Record_Test -->
