<?xml version="1.0" encoding="UTF-8"?>
<!-- Generated by org.testng.reporters.JUnitReportReporter -->
<testsuite hostname="DESKTOP-D23LR3J" failures="0" tests="7" name="com.qa.HIS.BrowserCompatibility_HIS.StoreRepotsTest" time="106.218" errors="0" timestamp="2023-06-06T10:34:30 IST" skipped="0">
  <testcase classname="com.qa.HIS.BrowserCompatibility_HIS.StoreRepotsTest" name="doLoginTest" time="3.181"/>
  <system-out/>
  <testcase classname="com.qa.HIS.BrowserCompatibility_HIS.StoreRepotsTest" name="doNavigateToSelectHospitalLocationTest" time="0.004"/>
  <system-out/>
  <testcase classname="com.qa.HIS.BrowserCompatibility_HIS.StoreRepotsTest" name="doNavigateToHISHomeTest" time="16.282"/>
  <system-out/>
  <testcase classname="com.qa.HIS.BrowserCompatibility_HIS.StoreRepotsTest" name="TC_Store_003" time="25.221"/>
  <system-out/>
  <testcase classname="com.qa.HIS.BrowserCompatibility_HIS.StoreRepotsTest" name="TC_Store_004" time="23.418"/>
  <system-out/>
  <testcase classname="com.qa.HIS.BrowserCompatibility_HIS.StoreRepotsTest" name="TC_Store_007" time="19.947"/>
  <system-out/>
  <testcase classname="com.qa.HIS.BrowserCompatibility_HIS.StoreRepotsTest" name="TC_Store_010" time="18.165"/>
  <system-out/>
</testsuite> <!-- com.qa.HIS.BrowserCompatibility_HIS.StoreRepotsTest -->
