<?xml version="1.0" encoding="UTF-8"?>
<!-- Generated by org.testng.reporters.JUnitReportReporter -->
<testsuite hostname="DESKTOP-D23LR3J" failures="0" tests="6" name="com.qa.HIS.BrowserCompatibility_HIS.InpatientManagement_WardDashBoardTest" time="34.687" errors="0" timestamp="2023-06-08T16:48:31 IST" skipped="0">
  <testcase classname="com.qa.HIS.BrowserCompatibility_HIS.InpatientManagement_WardDashBoardTest" name="doLoginTest" time="2.908"/>
  <system-out/>
  <testcase classname="com.qa.HIS.BrowserCompatibility_HIS.InpatientManagement_WardDashBoardTest" name="doNavigateToSelectHospitalLocationTest" time="0.003"/>
  <system-out/>
  <testcase classname="com.qa.HIS.BrowserCompatibility_HIS.InpatientManagement_WardDashBoardTest" name="doNavigateToHISHomeTest" time="14.854"/>
  <system-out/>
  <testcase classname="com.qa.HIS.BrowserCompatibility_HIS.InpatientManagement_WardDashBoardTest" name="doNavigateToWarddeshbord" time="0.859"/>
  <system-out/>
  <testcase classname="com.qa.HIS.BrowserCompatibility_HIS.InpatientManagement_WardDashBoardTest" name="IPM_Ward_Dashboard_TC_2" time="13.573"/>
  <system-out/>
  <testcase classname="com.qa.HIS.BrowserCompatibility_HIS.InpatientManagement_WardDashBoardTest" name="IPM_Ward_Dashboard_TC_3" time="2.490"/>
  <system-out/>
</testsuite> <!-- com.qa.HIS.BrowserCompatibility_HIS.InpatientManagement_WardDashBoardTest -->
