<?xml version="1.0" encoding="UTF-8"?>
<!-- Generated by org.testng.reporters.JUnitReportReporter -->
<testsuite hostname="DESKTOP-D23LR3J" failures="0" tests="7" name="com.qa.HIS.BrowserCompatibility_HIS.AlterMRPPageTest" time="106.937" errors="0" timestamp="2023-06-06T10:46:31 IST" skipped="0">
  <testcase classname="com.qa.HIS.BrowserCompatibility_HIS.AlterMRPPageTest" name="doLoginTest" time="0.973"/>
  <system-out/>
  <testcase classname="com.qa.HIS.BrowserCompatibility_HIS.AlterMRPPageTest" name="doNavigateToSelectHospitalLocationTest" time="0.003"/>
  <system-out/>
  <testcase classname="com.qa.HIS.BrowserCompatibility_HIS.AlterMRPPageTest" name="doNavigateToHISHomeTest" time="12.677"/>
  <system-out/>
  <testcase classname="com.qa.HIS.BrowserCompatibility_HIS.AlterMRPPageTest" name="doNavigateAlterMRPLinkTest" time="3.110"/>
  <system-out/>
  <testcase classname="com.qa.HIS.BrowserCompatibility_HIS.AlterMRPPageTest" name="TC_Alter_MRP_004" time="41.055"/>
  <system-out/>
  <testcase classname="com.qa.HIS.BrowserCompatibility_HIS.AlterMRPPageTest" name="TC_Alter_MRP_005" time="45.818"/>
  <system-out/>
  <testcase classname="com.qa.HIS.BrowserCompatibility_HIS.AlterMRPPageTest" name="TC_Alter_MRP_007" time="3.301"/>
  <system-out/>
</testsuite> <!-- com.qa.HIS.BrowserCompatibility_HIS.AlterMRPPageTest -->
