<?xml version="1.0" encoding="UTF-8"?>
<!-- Generated by org.testng.reporters.JUnitReportReporter -->
<testsuite hostname="DESKTOP-1CKSJPB" failures="0" tests="7" name="com.qa.HIS.BrowserCompatibility_HIS.MonthlyAssesmentReport" time="85.461" errors="0" timestamp="2024-02-22T15:04:53 IST" skipped="0">
  <testcase classname="com.qa.HIS.BrowserCompatibility_HIS.MonthlyAssesmentReport" name="doLoginTest" time="1.584"/>
  <system-out/>
  <testcase classname="com.qa.HIS.BrowserCompatibility_HIS.MonthlyAssesmentReport" name="doNavigateToSelectHospitalLocationTest" time="0.549"/>
  <system-out/>
  <testcase classname="com.qa.HIS.BrowserCompatibility_HIS.MonthlyAssesmentReport" name="doNavigateToHISHomeTest" time="10.742"/>
  <system-out/>
  <testcase classname="com.qa.HIS.BrowserCompatibility_HIS.MonthlyAssesmentReport" name="doNavigateToMasterManagement" time="0.438"/>
  <system-out/>
  <testcase classname="com.qa.HIS.BrowserCompatibility_HIS.MonthlyAssesmentReport" name="MonthlyAssessmentReport" time="30.668"/>
  <system-out/>
  <testcase classname="com.qa.HIS.BrowserCompatibility_HIS.MonthlyAssesmentReport" name="MonthlyAssessmentStatusReport" time="15.895"/>
  <system-out/>
  <testcase classname="com.qa.HIS.BrowserCompatibility_HIS.MonthlyAssesmentReport" name="MonthlyAssessmentReportDo" time="25.585"/>
  <system-out/>
</testsuite> <!-- com.qa.HIS.BrowserCompatibility_HIS.MonthlyAssesmentReport -->
