<?xml version="1.0" encoding="UTF-8"?>
<!-- Generated by org.testng.reporters.JUnitReportReporter -->
<testsuite hostname="DESKTOP-D23LR3J" failures="0" tests="9" name="com.qa.HIS.BrowserCompatibility_HIS.InpatientManagement_ProgressNotesTest" time="90.012" errors="0" timestamp="2023-06-08T16:39:34 IST" skipped="0">
  <testcase classname="com.qa.HIS.BrowserCompatibility_HIS.InpatientManagement_ProgressNotesTest" name="doLoginTest" time="1.107"/>
  <system-out/>
  <testcase classname="com.qa.HIS.BrowserCompatibility_HIS.InpatientManagement_ProgressNotesTest" name="doNavigateToSelectHospitalLocationTest" time="0.002"/>
  <system-out/>
  <testcase classname="com.qa.HIS.BrowserCompatibility_HIS.InpatientManagement_ProgressNotesTest" name="doNavigateToHISHomeTest" time="12.846"/>
  <system-out/>
  <testcase classname="com.qa.HIS.BrowserCompatibility_HIS.InpatientManagement_ProgressNotesTest" name="donavigatetoProgressNotes" time="6.845"/>
  <system-out/>
  <testcase classname="com.qa.HIS.BrowserCompatibility_HIS.InpatientManagement_ProgressNotesTest" name="IPM_Progress_Notes_TC_7" time="12.670"/>
  <system-out/>
  <testcase classname="com.qa.HIS.BrowserCompatibility_HIS.InpatientManagement_ProgressNotesTest" name="IPM_Progress_Notes_TC_4" time="35.744"/>
  <system-out/>
  <testcase classname="com.qa.HIS.BrowserCompatibility_HIS.InpatientManagement_ProgressNotesTest" name="IPM_Progress_Notes_TC_5" time="0.962"/>
  <system-out/>
  <testcase classname="com.qa.HIS.BrowserCompatibility_HIS.InpatientManagement_ProgressNotesTest" name="IPM_Progress_Notes_TC_13" time="7.349"/>
  <system-out/>
  <testcase classname="com.qa.HIS.BrowserCompatibility_HIS.InpatientManagement_ProgressNotesTest" name="IPM_Progress_Notes_TC_6" time="12.487"/>
  <system-out/>
</testsuite> <!-- com.qa.HIS.BrowserCompatibility_HIS.InpatientManagement_ProgressNotesTest -->
