<?xml version="1.0" encoding="UTF-8"?>
<!-- Generated by org.testng.reporters.JUnitReportReporter -->
<testsuite hostname="DESKTOP-D23LR3J" failures="0" tests="5" name="com.qa.HIS.BrowserCompatibility_HIS.InpatientManagement_WardBedStatusTest" time="69.651" errors="0" timestamp="2023-06-08T16:16:29 IST" skipped="0">
  <testcase classname="com.qa.HIS.BrowserCompatibility_HIS.InpatientManagement_WardBedStatusTest" name="doLoginTest" time="12.490"/>
  <system-out/>
  <testcase classname="com.qa.HIS.BrowserCompatibility_HIS.InpatientManagement_WardBedStatusTest" name="doNavigateToSelectHospitalLocationTest" time="0.005"/>
  <system-out/>
  <testcase classname="com.qa.HIS.BrowserCompatibility_HIS.InpatientManagement_WardBedStatusTest" name="doNavigateToHISHomeTest" time="17.883"/>
  <system-out/>
  <testcase classname="com.qa.HIS.BrowserCompatibility_HIS.InpatientManagement_WardBedStatusTest" name="donaviagteWardBedStatus" time="9.685"/>
  <system-out/>
  <testcase classname="com.qa.HIS.BrowserCompatibility_HIS.InpatientManagement_WardBedStatusTest" name="WardBedStatus" time="29.588"/>
  <system-out/>
</testsuite> <!-- com.qa.HIS.BrowserCompatibility_HIS.InpatientManagement_WardBedStatusTest -->
