<?xml version="1.0" encoding="UTF-8"?>
<!-- Generated by org.testng.reporters.JUnitReportReporter -->
<testsuite hostname="DESKTOP-D23LR3J" failures="0" tests="7" name="com.qa.HIS.BrowserCompatibility_HIS.DischargeSummaryTest" time="71.476" errors="0" timestamp="2023-06-12T12:31:54 IST" skipped="0">
  <testcase classname="com.qa.HIS.BrowserCompatibility_HIS.DischargeSummaryTest" name="doLoginTest" time="0.680"/>
  <system-out/>
  <testcase classname="com.qa.HIS.BrowserCompatibility_HIS.DischargeSummaryTest" name="doNavigateToSelectHospitalLocationTest" time="0.003"/>
  <system-out/>
  <testcase classname="com.qa.HIS.BrowserCompatibility_HIS.DischargeSummaryTest" name="doNavigateToHISHomeTest" time="12.386"/>
  <system-out/>
  <testcase classname="com.qa.HIS.BrowserCompatibility_HIS.DischargeSummaryTest" name="doNavigateTogetDischargeSummaryLinkTest" time="1.828"/>
  <system-out/>
  <testcase classname="com.qa.HIS.BrowserCompatibility_HIS.DischargeSummaryTest" name="CLM_Discharge_Summary_TC_7" time="0.590"/>
  <system-out/>
  <testcase classname="com.qa.HIS.BrowserCompatibility_HIS.DischargeSummaryTest" name="CLM_Discharge_Summary_TC_6" time="28.251"/>
  <system-out/>
  <testcase classname="com.qa.HIS.BrowserCompatibility_HIS.DischargeSummaryTest" name="CLM_Discharge_Summary_TC_10" time="27.738"/>
  <system-out/>
</testsuite> <!-- com.qa.HIS.BrowserCompatibility_HIS.DischargeSummaryTest -->
