<?xml version="1.0" encoding="UTF-8"?>
<!-- Generated by org.testng.reporters.JUnitReportReporter -->
<testsuite hostname="DESKTOP-D23LR3J" failures="0" tests="10" name="com.qa.HIS.BrowserCompatibility_HIS.CancelCheckinTest" time="28.441" errors="0" timestamp="2023-06-01T09:59:28 IST" skipped="0">
  <testcase classname="com.qa.HIS.BrowserCompatibility_HIS.CancelCheckinTest" name="doLoginTest" time="2.970"/>
  <system-out/>
  <testcase classname="com.qa.HIS.BrowserCompatibility_HIS.CancelCheckinTest" name="doNavigateToSelectHospitalLocationTest" time="0.005"/>
  <system-out/>
  <testcase classname="com.qa.HIS.BrowserCompatibility_HIS.CancelCheckinTest" name="doNavigateToHISHomeTest" time="12.559"/>
  <system-out/>
  <testcase classname="com.qa.HIS.BrowserCompatibility_HIS.CancelCheckinTest" name="doNavigateToCancelCheckinTest" time="1.398"/>
  <system-out/>
  <testcase classname="com.qa.HIS.BrowserCompatibility_HIS.CancelCheckinTest" name="cencelcheck_ingetUHIdNumber" time="1.573"/>
  <system-out/>
  <testcase classname="com.qa.HIS.BrowserCompatibility_HIS.CancelCheckinTest" name="Registration_Cancel_check_in_04" time="4.292"/>
  <system-out/>
  <testcase classname="com.qa.HIS.BrowserCompatibility_HIS.CancelCheckinTest" name="Registration_Cancel_check_in_01" time="2.402"/>
  <system-out/>
  <testcase classname="com.qa.HIS.BrowserCompatibility_HIS.CancelCheckinTest" name="Registration_Cancel_check_in_05" time="0.258"/>
  <system-out/>
  <testcase classname="com.qa.HIS.BrowserCompatibility_HIS.CancelCheckinTest" name="Registration_Cancel_check_in_03" time="1.040"/>
  <system-out/>
  <testcase classname="com.qa.HIS.BrowserCompatibility_HIS.CancelCheckinTest" name="Registration_Cancel_check_in_06" time="1.944"/>
  <system-out/>
</testsuite> <!-- com.qa.HIS.BrowserCompatibility_HIS.CancelCheckinTest -->
