<?xml version="1.0" encoding="UTF-8"?>
<!-- Generated by org.testng.reporters.JUnitReportReporter -->
<testsuite hostname="DESKTOP-D23LR3J" failures="0" tests="7" name="com.qa.HIS.BrowserCompatibility_HIS.FUPTest" time="151.549" errors="0" timestamp="2023-06-09T15:35:07 IST" skipped="0">
  <testcase classname="com.qa.HIS.BrowserCompatibility_HIS.FUPTest" name="doLoginTest" time="3.677"/>
  <system-out/>
  <testcase classname="com.qa.HIS.BrowserCompatibility_HIS.FUPTest" name="doNavigateToSelectHospitalLocationTest" time="0.005"/>
  <system-out/>
  <testcase classname="com.qa.HIS.BrowserCompatibility_HIS.FUPTest" name="doNavigateToHISHomeTest" time="18.904"/>
  <system-out/>
  <testcase classname="com.qa.HIS.BrowserCompatibility_HIS.FUPTest" name="doNavigateToFUPTest" time="12.034"/>
  <system-out/>
  <testcase classname="com.qa.HIS.BrowserCompatibility_HIS.FUPTest" name="CLM_Frequently_Used_Packs_TC_04" time="91.169"/>
  <system-out/>
  <testcase classname="com.qa.HIS.BrowserCompatibility_HIS.FUPTest" name="CLM_Frequently_Used_Packs_TC_05" time="15.425"/>
  <system-out/>
  <testcase classname="com.qa.HIS.BrowserCompatibility_HIS.FUPTest" name="CLM_Frequently_Used_Packs_TC_07" time="10.335"/>
  <system-out/>
</testsuite> <!-- com.qa.HIS.BrowserCompatibility_HIS.FUPTest -->
