<?xml version="1.0" encoding="UTF-8"?>
<!-- Generated by org.testng.reporters.JUnitReportReporter -->
<testsuite hostname="DESKTOP-D23LR3J" failures="0" tests="6" name="com.qa.HIS.BrowserCompatibility_HIS.DosageTypeTest" time="44.746" errors="0" timestamp="2023-06-12T11:10:20 IST" skipped="0">
  <testcase classname="com.qa.HIS.BrowserCompatibility_HIS.DosageTypeTest" name="doLoginTest" time="2.526"/>
  <system-out/>
  <testcase classname="com.qa.HIS.BrowserCompatibility_HIS.DosageTypeTest" name="doNavigateToSelectHospitalLocationTest" time="0.004"/>
  <system-out/>
  <testcase classname="com.qa.HIS.BrowserCompatibility_HIS.DosageTypeTest" name="doNavigateToHISHomeTest" time="13.241"/>
  <system-out/>
  <testcase classname="com.qa.HIS.BrowserCompatibility_HIS.DosageTypeTest" name="doNavigateToDosageType" time="3.000"/>
  <system-out/>
  <testcase classname="com.qa.HIS.BrowserCompatibility_HIS.DosageTypeTest" name="CLM_Dosage_Types_TC_4" time="7.787"/>
  <system-out/>
  <testcase classname="com.qa.HIS.BrowserCompatibility_HIS.DosageTypeTest" name="CLM_Dosage_Types_TC_6" time="18.188"/>
  <system-out/>
</testsuite> <!-- com.qa.HIS.BrowserCompatibility_HIS.DosageTypeTest -->
