<?xml version="1.0" encoding="UTF-8"?>
<!-- Generated by org.testng.reporters.JUnitReportReporter -->
<testsuite hostname="DESKTOP-D23LR3J" failures="0" tests="9" name="com.qa.HIS.BrowserCompatibility_HIS.OpenVisitTest" time="245.828" errors="0" timestamp="2023-06-12T12:10:32 IST" skipped="0">
  <testcase classname="com.qa.HIS.BrowserCompatibility_HIS.OpenVisitTest" name="doLoginTest" time="3.154"/>
  <system-out/>
  <testcase classname="com.qa.HIS.BrowserCompatibility_HIS.OpenVisitTest" name="doNavigateToSelectHospitalLocationTest" time="0.003"/>
  <system-out/>
  <testcase classname="com.qa.HIS.BrowserCompatibility_HIS.OpenVisitTest" name="doNavigateToHISHomeTest" time="12.834"/>
  <system-out/>
  <testcase classname="com.qa.HIS.BrowserCompatibility_HIS.OpenVisitTest" name="doNavigateToOpenVisitTest" time="1.227"/>
  <system-out/>
  <testcase classname="com.qa.HIS.BrowserCompatibility_HIS.OpenVisitTest" name="CLM_Open_Visits_TC_5" time="49.724"/>
  <system-out/>
  <testcase classname="com.qa.HIS.BrowserCompatibility_HIS.OpenVisitTest" name="CLM_Open_Visits_TC_6" time="40.815"/>
  <system-out/>
  <testcase classname="com.qa.HIS.BrowserCompatibility_HIS.OpenVisitTest" name="CLM_Open_Visits_TC_9" time="47.076"/>
  <system-out/>
  <testcase classname="com.qa.HIS.BrowserCompatibility_HIS.OpenVisitTest" name="CLM_Open_Visits_TC_8" time="46.072"/>
  <system-out/>
  <testcase classname="com.qa.HIS.BrowserCompatibility_HIS.OpenVisitTest" name="CLM_Open_Visits_TC_7" time="44.923"/>
  <system-out/>
</testsuite> <!-- com.qa.HIS.BrowserCompatibility_HIS.OpenVisitTest -->
