<?xml version="1.0" encoding="UTF-8"?>
<!-- Generated by org.testng.reporters.JUnitReportReporter -->
<testsuite hostname="DESKTOP-D23LR3J" failures="0" tests="7" name="com.qa.HIS.BrowserCompatibility_HIS.InpatientManagement_NurseTasksTest" time="59.974" errors="0" timestamp="2023-06-08T15:11:42 IST" skipped="0">
  <testcase classname="com.qa.HIS.BrowserCompatibility_HIS.InpatientManagement_NurseTasksTest" name="doLoginTest" time="3.038"/>
  <system-out/>
  <testcase classname="com.qa.HIS.BrowserCompatibility_HIS.InpatientManagement_NurseTasksTest" name="doNavigateToSelectHospitalLocationTest" time="0.003"/>
  <system-out/>
  <testcase classname="com.qa.HIS.BrowserCompatibility_HIS.InpatientManagement_NurseTasksTest" name="doNavigateToHISHomeTest" time="15.989"/>
  <system-out/>
  <testcase classname="com.qa.HIS.BrowserCompatibility_HIS.InpatientManagement_NurseTasksTest" name="doNavigateTONurseTask" time="6.051"/>
  <system-out/>
  <testcase classname="com.qa.HIS.BrowserCompatibility_HIS.InpatientManagement_NurseTasksTest" name="IPM_Nurse_Tasks_TC_3" time="18.340"/>
  <system-out/>
  <testcase classname="com.qa.HIS.BrowserCompatibility_HIS.InpatientManagement_NurseTasksTest" name="IPM_Nurse_Tasks_TC_1" time="15.417"/>
  <system-out/>
  <testcase classname="com.qa.HIS.BrowserCompatibility_HIS.InpatientManagement_NurseTasksTest" name="IPM_Nurse_Tasks_TC_2" time="1.136"/>
  <system-out/>
</testsuite> <!-- com.qa.HIS.BrowserCompatibility_HIS.InpatientManagement_NurseTasksTest -->
