<?xml version="1.0" encoding="UTF-8"?>
<!-- Generated by org.testng.reporters.JUnitReportReporter -->
<testsuite hostname="DESKTOP-D23LR3J" failures="0" tests="13" name="com.qa.HIS.BrowserCompatibility_HIS.MiniCaseSheetTest" time="207.565" errors="0" timestamp="2023-06-13T14:02:04 IST" skipped="0">
  <testcase classname="com.qa.HIS.BrowserCompatibility_HIS.MiniCaseSheetTest" name="doLoginTest" time="1.002"/>
  <system-out/>
  <testcase classname="com.qa.HIS.BrowserCompatibility_HIS.MiniCaseSheetTest" name="doNavigateToSelectHospitalLocationTest" time="0.003"/>
  <system-out/>
  <testcase classname="com.qa.HIS.BrowserCompatibility_HIS.MiniCaseSheetTest" name="doNavigateToHISHomeTest" time="12.018"/>
  <system-out/>
  <testcase classname="com.qa.HIS.BrowserCompatibility_HIS.MiniCaseSheetTest" name="donavigateToPatientCheckIn" time="25.389"/>
  <system-out/>
  <testcase classname="com.qa.HIS.BrowserCompatibility_HIS.MiniCaseSheetTest" name="CLM_Mini_Standard_Casesheet_5" time="20.561"/>
  <system-out/>
  <testcase classname="com.qa.HIS.BrowserCompatibility_HIS.MiniCaseSheetTest" name="CLM_Mini_Standard_Casesheet_6" time="37.526"/>
  <system-out/>
  <testcase classname="com.qa.HIS.BrowserCompatibility_HIS.MiniCaseSheetTest" name="CLM_Mini_Standard_Casesheet_7" time="34.389"/>
  <system-out/>
  <testcase classname="com.qa.HIS.BrowserCompatibility_HIS.MiniCaseSheetTest" name="CLM_Mini_Standard_Casesheet_8" time="23.106"/>
  <system-out/>
  <testcase classname="com.qa.HIS.BrowserCompatibility_HIS.MiniCaseSheetTest" name="CLM_Mini_Standard_Casesheet_9" time="9.514"/>
  <system-out/>
  <testcase classname="com.qa.HIS.BrowserCompatibility_HIS.MiniCaseSheetTest" name="CLM_Mini_Standard_Casesheet_10" time="17.814"/>
  <system-out/>
  <testcase classname="com.qa.HIS.BrowserCompatibility_HIS.MiniCaseSheetTest" name="CLM_Mini_Standard_Casesheet_11" time="18.141"/>
  <system-out/>
  <testcase classname="com.qa.HIS.BrowserCompatibility_HIS.MiniCaseSheetTest" name="CLM_Mini_Standard_Casesheet_15" time="2.012"/>
  <system-out/>
  <testcase classname="com.qa.HIS.BrowserCompatibility_HIS.MiniCaseSheetTest" name="CLM_Mini_Standard_Casesheet_17" time="6.090"/>
  <system-out/>
</testsuite> <!-- com.qa.HIS.BrowserCompatibility_HIS.MiniCaseSheetTest -->
