<?xml version="1.0" encoding="UTF-8"?>
<!-- Generated by org.testng.reporters.JUnitReportReporter -->
<testsuite hostname="DESKTOP-D23LR3J" failures="0" tests="11" name="com.qa.HIS.BrowserCompatibility_HIS.StoreConsumptionTest" time="77.491" errors="0" timestamp="2023-06-06T11:33:25 IST" skipped="0">
  <testcase classname="com.qa.HIS.BrowserCompatibility_HIS.StoreConsumptionTest" name="doLoginTest" time="3.240"/>
  <system-out/>
  <testcase classname="com.qa.HIS.BrowserCompatibility_HIS.StoreConsumptionTest" name="doNavigateToSelectHospitalLocationTest" time="0.005"/>
  <system-out/>
  <testcase classname="com.qa.HIS.BrowserCompatibility_HIS.StoreConsumptionTest" name="doNavigateToHISHomeTest" time="12.494"/>
  <system-out/>
  <testcase classname="com.qa.HIS.BrowserCompatibility_HIS.StoreConsumptionTest" name="doNavigateStoreConsumptionTest" time="1.246"/>
  <system-out/>
  <testcase classname="com.qa.HIS.BrowserCompatibility_HIS.StoreConsumptionTest" name="TC_Store_Consumption_004" time="11.807"/>
  <system-out/>
  <testcase classname="com.qa.HIS.BrowserCompatibility_HIS.StoreConsumptionTest" name="TC_Store_Consumption_005" time="5.426"/>
  <system-out/>
  <testcase classname="com.qa.HIS.BrowserCompatibility_HIS.StoreConsumptionTest" name="TC_Store_Consumption_006" time="9.291"/>
  <system-out/>
  <testcase classname="com.qa.HIS.BrowserCompatibility_HIS.StoreConsumptionTest" name="TC_Store_Consumption_009" time="4.298"/>
  <system-out/>
  <testcase classname="com.qa.HIS.BrowserCompatibility_HIS.StoreConsumptionTest" name="TC_Store_Consumption_010" time="4.569"/>
  <system-out/>
  <testcase classname="com.qa.HIS.BrowserCompatibility_HIS.StoreConsumptionTest" name="TC_Store_Consumption_011" time="4.561"/>
  <system-out/>
  <testcase classname="com.qa.HIS.BrowserCompatibility_HIS.StoreConsumptionTest" name="TC_Store_Consumption_012" time="20.554"/>
  <system-out/>
</testsuite> <!-- com.qa.HIS.BrowserCompatibility_HIS.StoreConsumptionTest -->
