<?xml version="1.0" encoding="UTF-8"?>
<!-- Generated by org.testng.reporters.JUnitReportReporter -->
<testsuite hostname="DESKTOP-D23LR3J" failures="0" tests="5" name="com.qa.HIS.BrowserCompatibility_HIS.OTPriscriptionTest" time="69.606" errors="0" timestamp="2023-06-06T15:38:22 IST" skipped="0">
  <testcase classname="com.qa.HIS.BrowserCompatibility_HIS.OTPriscriptionTest" name="doLoginTest" time="3.021"/>
  <system-out/>
  <testcase classname="com.qa.HIS.BrowserCompatibility_HIS.OTPriscriptionTest" name="doNavigateToSelectHospitalLocationTest" time="0.004"/>
  <system-out/>
  <testcase classname="com.qa.HIS.BrowserCompatibility_HIS.OTPriscriptionTest" name="doNavigateToHISHomeTest" time="11.917"/>
  <system-out/>
  <testcase classname="com.qa.HIS.BrowserCompatibility_HIS.OTPriscriptionTest" name="doNavigateToOTandResourceSchedulingTest" time="1.135"/>
  <system-out/>
  <testcase classname="com.qa.HIS.BrowserCompatibility_HIS.OTPriscriptionTest" name="donavigateTotestcaseOTprescription" time="53.529"/>
  <system-out/>
</testsuite> <!-- com.qa.HIS.BrowserCompatibility_HIS.OTPriscriptionTest -->
