<?xml version="1.0" encoding="UTF-8"?>
<!-- Generated by org.testng.reporters.JUnitReportReporter -->
<testsuite hostname="DESKTOP-D23LR3J" failures="0" tests="5" name="com.qa.HIS.BrowserCompatibility_HIS.InpatientManagement_SurgeryRequestTest" time="61.604" errors="0" timestamp="2023-06-08T14:59:41 IST" skipped="0">
  <testcase classname="com.qa.HIS.BrowserCompatibility_HIS.InpatientManagement_SurgeryRequestTest" name="doLoginTest" time="1.198"/>
  <system-out/>
  <testcase classname="com.qa.HIS.BrowserCompatibility_HIS.InpatientManagement_SurgeryRequestTest" name="doNavigateToSelectHospitalLocationTest" time="0.004"/>
  <system-out/>
  <testcase classname="com.qa.HIS.BrowserCompatibility_HIS.InpatientManagement_SurgeryRequestTest" name="doNavigateToHISHomeTest" time="12.958"/>
  <system-out/>
  <testcase classname="com.qa.HIS.BrowserCompatibility_HIS.InpatientManagement_SurgeryRequestTest" name="doNavigateToSpecialityProcedure" time="1.730"/>
  <system-out/>
  <testcase classname="com.qa.HIS.BrowserCompatibility_HIS.InpatientManagement_SurgeryRequestTest" name="IPM_Surgery_Request_TC_1" time="45.714"/>
  <system-out/>
</testsuite> <!-- com.qa.HIS.BrowserCompatibility_HIS.InpatientManagement_SurgeryRequestTest -->
