<?xml version="1.0" encoding="UTF-8"?>
<!-- Generated by org.testng.reporters.JUnitReportReporter -->
<testsuite hostname="DESKTOP-D23LR3J" failures="0" tests="7" name="com.qa.HIS.BrowserCompatibility_HIS.Home_Sample_Collection_WorklistTest" time="46.336" errors="0" timestamp="2023-04-11T12:28:40 IST" skipped="0">
  <testcase classname="com.qa.HIS.BrowserCompatibility_HIS.Home_Sample_Collection_WorklistTest" name="doLoginTest" time="3.953"/>
  <system-out/>
  <testcase classname="com.qa.HIS.BrowserCompatibility_HIS.Home_Sample_Collection_WorklistTest" name="doNavigateToSelectHospitalLocationTest" time="0.004"/>
  <system-out/>
  <testcase classname="com.qa.HIS.BrowserCompatibility_HIS.Home_Sample_Collection_WorklistTest" name="doNavigateToHISHomeTest" time="16.386"/>
  <system-out/>
  <testcase classname="com.qa.HIS.BrowserCompatibility_HIS.Home_Sample_Collection_WorklistTest" name="HIS_HSCW_TC_3" time="15.728"/>
  <system-out/>
  <testcase classname="com.qa.HIS.BrowserCompatibility_HIS.Home_Sample_Collection_WorklistTest" name="HIS_HSCW_TC_5" time="4.780"/>
  <system-out/>
  <testcase classname="com.qa.HIS.BrowserCompatibility_HIS.Home_Sample_Collection_WorklistTest" name="HIS_HSCW_TC_4" time="3.182"/>
  <system-out/>
  <testcase classname="com.qa.HIS.BrowserCompatibility_HIS.Home_Sample_Collection_WorklistTest" name="HIS_HSCW_TC_6" time="2.303"/>
  <system-out/>
</testsuite> <!-- com.qa.HIS.BrowserCompatibility_HIS.Home_Sample_Collection_WorklistTest -->
