<?xml version="1.0" encoding="UTF-8"?>
<!-- Generated by org.testng.reporters.JUnitReportReporter -->
<testsuite hostname="DESKTOP-D23LR3J" failures="0" tests="6" name="com.qa.HIS.BrowserCompatibility_HIS.InpatientManagement_BedsideProceduresOrderTest" time="82.648" errors="0" timestamp="2023-06-08T13:03:18 IST" skipped="0">
  <testcase classname="com.qa.HIS.BrowserCompatibility_HIS.InpatientManagement_BedsideProceduresOrderTest" name="doLoginTest" time="3.555"/>
  <system-out/>
  <testcase classname="com.qa.HIS.BrowserCompatibility_HIS.InpatientManagement_BedsideProceduresOrderTest" name="doNavigateToSelectHospitalLocationTest" time="0.002"/>
  <system-out/>
  <testcase classname="com.qa.HIS.BrowserCompatibility_HIS.InpatientManagement_BedsideProceduresOrderTest" name="doNavigateToHISHomeTest" time="15.875"/>
  <system-out/>
  <testcase classname="com.qa.HIS.BrowserCompatibility_HIS.InpatientManagement_BedsideProceduresOrderTest" name="doPrimarydoctorChangetest" time="4.427"/>
  <system-out/>
  <testcase classname="com.qa.HIS.BrowserCompatibility_HIS.InpatientManagement_BedsideProceduresOrderTest" name="IPM_Bedside_Procedures_Order_TC_3" time="32.947"/>
  <system-out/>
  <testcase classname="com.qa.HIS.BrowserCompatibility_HIS.InpatientManagement_BedsideProceduresOrderTest" name="IPM_Bedside_Procedures_Order_TC_1" time="25.842"/>
  <system-out/>
</testsuite> <!-- com.qa.HIS.BrowserCompatibility_HIS.InpatientManagement_BedsideProceduresOrderTest -->
