<?xml version="1.0" encoding="UTF-8"?>
<!-- Generated by org.testng.reporters.JUnitReportReporter -->
<testsuite hostname="DESKTOP-D23LR3J" failures="0" tests="7" name="com.qa.HIS.BrowserCompatibility_HIS.InpatientManagement_SpecialtyProcedureRequestTest" time="75.121" errors="0" timestamp="2023-06-08T14:32:40 IST" skipped="0">
  <testcase classname="com.qa.HIS.BrowserCompatibility_HIS.InpatientManagement_SpecialtyProcedureRequestTest" name="doLoginTest" time="3.420"/>
  <system-out/>
  <testcase classname="com.qa.HIS.BrowserCompatibility_HIS.InpatientManagement_SpecialtyProcedureRequestTest" name="doNavigateToSelectHospitalLocationTest" time="0.003"/>
  <system-out/>
  <testcase classname="com.qa.HIS.BrowserCompatibility_HIS.InpatientManagement_SpecialtyProcedureRequestTest" name="doNavigateToHISHomeTest" time="23.715"/>
  <system-out/>
  <testcase classname="com.qa.HIS.BrowserCompatibility_HIS.InpatientManagement_SpecialtyProcedureRequestTest" name="doNavigateToSpecialityProcedure" time="1.118"/>
  <system-out/>
  <testcase classname="com.qa.HIS.BrowserCompatibility_HIS.InpatientManagement_SpecialtyProcedureRequestTest" name="IPM_Specialty_Procedure_Request_TC_3" time="18.494"/>
  <system-out/>
  <testcase classname="com.qa.HIS.BrowserCompatibility_HIS.InpatientManagement_SpecialtyProcedureRequestTest" name="IPM_Specialty_Procedure_Request_TC_4" time="14.722"/>
  <system-out/>
  <testcase classname="com.qa.HIS.BrowserCompatibility_HIS.InpatientManagement_SpecialtyProcedureRequestTest" name="IPM_Specialty_Procedure_Request_TC_1" time="13.649"/>
  <system-out/>
</testsuite> <!-- com.qa.HIS.BrowserCompatibility_HIS.InpatientManagement_SpecialtyProcedureRequestTest -->
