<?xml version="1.0" encoding="UTF-8"?>
<!-- Generated by org.testng.reporters.JUnitReportReporter -->
<testsuite hostname="DESKTOP-D23LR3J" failures="0" tests="6" name="com.qa.HIS.BrowserCompatibility_HIS.Define_Store_For_OPD_PharmacyTest" time="37.896" errors="0" timestamp="2023-06-13T11:22:32 IST" skipped="0">
  <testcase classname="com.qa.HIS.BrowserCompatibility_HIS.Define_Store_For_OPD_PharmacyTest" name="doLoginTest" time="1.213"/>
  <system-out/>
  <testcase classname="com.qa.HIS.BrowserCompatibility_HIS.Define_Store_For_OPD_PharmacyTest" name="doNavigateToSelectHospitalLocationTest" time="0.005"/>
  <system-out/>
  <testcase classname="com.qa.HIS.BrowserCompatibility_HIS.Define_Store_For_OPD_PharmacyTest" name="doNavigateToHISHomeTest" time="13.301"/>
  <system-out/>
  <testcase classname="com.qa.HIS.BrowserCompatibility_HIS.Define_Store_For_OPD_PharmacyTest" name="doNavigateToDefine_Store_For_OPD_Pharmacy" time="1.924"/>
  <system-out/>
  <testcase classname="com.qa.HIS.BrowserCompatibility_HIS.Define_Store_For_OPD_PharmacyTest" name="Check_the_FunctionalityOfNote" time="6.062"/>
  <system-out/>
  <testcase classname="com.qa.HIS.BrowserCompatibility_HIS.Define_Store_For_OPD_PharmacyTest" name="Check_the_FunctionalityofSaveButton" time="15.391"/>
  <system-out/>
</testsuite> <!-- com.qa.HIS.BrowserCompatibility_HIS.Define_Store_For_OPD_PharmacyTest -->
