<?xml version="1.0" encoding="UTF-8"?>
<!-- Generated by org.testng.reporters.JUnitReportReporter -->
<testsuite hostname="DESKTOP-D23LR3J" failures="0" tests="13" name="com.qa.HIS.BrowserCompatibility_HIS.InpatientEmergencyPatientTest" time="719.658" errors="0" timestamp="2023-06-13T16:10:17 IST" skipped="0">
  <testcase classname="com.qa.HIS.BrowserCompatibility_HIS.InpatientEmergencyPatientTest" name="doLoginTest" time="3.015"/>
  <system-out/>
  <testcase classname="com.qa.HIS.BrowserCompatibility_HIS.InpatientEmergencyPatientTest" name="doNavigateToSelectHospitalLocationTest" time="0.004"/>
  <system-out/>
  <testcase classname="com.qa.HIS.BrowserCompatibility_HIS.InpatientEmergencyPatientTest" name="doNavigateToHISHomeTest" time="11.982"/>
  <system-out/>
  <testcase classname="com.qa.HIS.BrowserCompatibility_HIS.InpatientEmergencyPatientTest" name="CLM_Inpatients_Emergency_Patients_TC_3" time="41.721"/>
  <system-out/>
  <testcase classname="com.qa.HIS.BrowserCompatibility_HIS.InpatientEmergencyPatientTest" name="CLM_Inpatients_Emergency_Patients_TC_4" time="40.178"/>
  <system-out/>
  <testcase classname="com.qa.HIS.BrowserCompatibility_HIS.InpatientEmergencyPatientTest" name="CLM_Inpatients_Emergency_Patients_TC_7" time="73.809"/>
  <system-out/>
  <testcase classname="com.qa.HIS.BrowserCompatibility_HIS.InpatientEmergencyPatientTest" name="CLM_Inpatients_Emergency_Patients_TC_8" time="80.725"/>
  <system-out/>
  <testcase classname="com.qa.HIS.BrowserCompatibility_HIS.InpatientEmergencyPatientTest" name="CLM_Inpatients_Emergency_Patients_TC_9" time="72.958"/>
  <system-out/>
  <testcase classname="com.qa.HIS.BrowserCompatibility_HIS.InpatientEmergencyPatientTest" name="CLM_Inpatients_Emergency_Patients_TC_10" time="73.193"/>
  <system-out/>
  <testcase classname="com.qa.HIS.BrowserCompatibility_HIS.InpatientEmergencyPatientTest" name="CLM_Inpatients_Emergency_Patients_TC_11" time="73.024"/>
  <system-out/>
  <testcase classname="com.qa.HIS.BrowserCompatibility_HIS.InpatientEmergencyPatientTest" name="CLM_Inpatients_Emergency_Patients_TC_12" time="73.083"/>
  <system-out/>
  <testcase classname="com.qa.HIS.BrowserCompatibility_HIS.InpatientEmergencyPatientTest" name="CLM_Inpatients_Emergency_Patients_TC_13" time="84.139"/>
  <system-out/>
  <testcase classname="com.qa.HIS.BrowserCompatibility_HIS.InpatientEmergencyPatientTest" name="CLM_Inpatients_Emergency_Patients_TC_14" time="91.827"/>
  <system-out/>
</testsuite> <!-- com.qa.HIS.BrowserCompatibility_HIS.InpatientEmergencyPatientTest -->
