<?xml version="1.0" encoding="UTF-8"?>
<!-- Generated by org.testng.reporters.JUnitReportReporter -->
<testsuite hostname="DESKTOP-D23LR3J" failures="0" tests="6" name="com.qa.HIS.BrowserCompatibility_HIS.DischargeIntimationTest" time="43.131" errors="0" timestamp="2022-04-21T12:03:49 IST" skipped="0">
  <testcase classname="com.qa.HIS.BrowserCompatibility_HIS.DischargeIntimationTest" name="doLoginTest" time="1.986"/>
  <system-out/>
  <testcase classname="com.qa.HIS.BrowserCompatibility_HIS.DischargeIntimationTest" name="doNavigateToSelectHospitalLocationTest" time="0.004"/>
  <system-out/>
  <testcase classname="com.qa.HIS.BrowserCompatibility_HIS.DischargeIntimationTest" name="doNavigateToHISHomeTest" time="11.461"/>
  <system-out/>
  <testcase classname="com.qa.HIS.BrowserCompatibility_HIS.DischargeIntimationTest" name="doNavigateTogetDischargeIntimationLinkTest" time="0.785"/>
  <system-out/>
  <testcase classname="com.qa.HIS.BrowserCompatibility_HIS.DischargeIntimationTest" name="CLM_Discharge_Intimation_TC_4" time="22.315"/>
  <system-out/>
  <testcase classname="com.qa.HIS.BrowserCompatibility_HIS.DischargeIntimationTest" name="CLM_Discharge_Intimation_TC_5" time="6.580"/>
  <system-out/>
</testsuite> <!-- com.qa.HIS.BrowserCompatibility_HIS.DischargeIntimationTest -->
