<?xml version="1.0" encoding="UTF-8"?>
<!-- Generated by org.testng.reporters.JUnitReportReporter -->
<testsuite hostname="DESKTOP-D23LR3J" failures="0" tests="5" name="com.qa.HIS.BrowserCompatibility_HIS.Clinical_Record_ReportTest" time="50.174" errors="0" timestamp="2023-06-12T17:00:06 IST" skipped="0">
  <testcase classname="com.qa.HIS.BrowserCompatibility_HIS.Clinical_Record_ReportTest" name="doLoginTest" time="0.908"/>
  <system-out/>
  <testcase classname="com.qa.HIS.BrowserCompatibility_HIS.Clinical_Record_ReportTest" name="doNavigateToSelectHospitalLocationTest" time="0.003"/>
  <system-out/>
  <testcase classname="com.qa.HIS.BrowserCompatibility_HIS.Clinical_Record_ReportTest" name="doNavigateToHISHomeTest" time="12.204"/>
  <system-out/>
  <testcase classname="com.qa.HIS.BrowserCompatibility_HIS.Clinical_Record_ReportTest" name="doNavigateToClinical_Record_Reports" time="1.181"/>
  <system-out/>
  <testcase classname="com.qa.HIS.BrowserCompatibility_HIS.Clinical_Record_ReportTest" name="ChecktheFunctionalityofLinkandPreviewButton" time="35.878"/>
  <system-out/>
</testsuite> <!-- com.qa.HIS.BrowserCompatibility_HIS.Clinical_Record_ReportTest -->
