<?xml version="1.0" encoding="UTF-8"?>
<!-- Generated by org.testng.reporters.JUnitReportReporter -->
<testsuite hostname="DESKTOP-D23LR3J" failures="0" tests="6" name="com.qa.HIS.BrowserCompatibility_HIS.CR_13645_New_Born_Baby_Test" time="244.618" errors="0" timestamp="2023-06-16T11:28:39 IST" skipped="0">
  <testcase classname="com.qa.HIS.BrowserCompatibility_HIS.CR_13645_New_Born_Baby_Test" name="doLoginTest" time="3.114"/>
  <system-out/>
  <testcase classname="com.qa.HIS.BrowserCompatibility_HIS.CR_13645_New_Born_Baby_Test" name="doNavigateToSelectHospitalLocationTest" time="1.006"/>
  <system-out/>
  <testcase classname="com.qa.HIS.BrowserCompatibility_HIS.CR_13645_New_Born_Baby_Test" name="doNavigateToHISHomeTest" time="15.867"/>
  <system-out/>
  <testcase classname="com.qa.HIS.BrowserCompatibility_HIS.CR_13645_New_Born_Baby_Test" name="doNavigateToPatientAdmissionTest" time="5.543"/>
  <system-out/>
  <testcase classname="com.qa.HIS.BrowserCompatibility_HIS.CR_13645_New_Born_Baby_Test" name="To_ChecktheFunctionalityOfFatchtheDetail" time="88.499"/>
  <system-out/>
  <testcase classname="com.qa.HIS.BrowserCompatibility_HIS.CR_13645_New_Born_Baby_Test" name="To_ChecktheFunctionalityoFBabyAdmission" time="130.589"/>
  <system-out/>
</testsuite> <!-- com.qa.HIS.BrowserCompatibility_HIS.CR_13645_New_Born_Baby_Test -->
