<?xml version="1.0" encoding="UTF-8"?>
<!-- Generated by org.testng.reporters.JUnitReportReporter -->
<testsuite hostname="DESKTOP-D23LR3J" failures="0" tests="11" name="com.qa.HIS.BrowserCompatibility_HIS.LossBreakageTest" time="56.805" errors="0" timestamp="2023-06-06T11:26:46 IST" skipped="0">
  <testcase classname="com.qa.HIS.BrowserCompatibility_HIS.LossBreakageTest" name="doLoginTest" time="1.060"/>
  <system-out/>
  <testcase classname="com.qa.HIS.BrowserCompatibility_HIS.LossBreakageTest" name="doNavigateToSelectHospitalLocationTest" time="0.003"/>
  <system-out/>
  <testcase classname="com.qa.HIS.BrowserCompatibility_HIS.LossBreakageTest" name="doNavigateToHISHomeTest" time="12.698"/>
  <system-out/>
  <testcase classname="com.qa.HIS.BrowserCompatibility_HIS.LossBreakageTest" name="doNavigateLossBreakageLinkTest" time="2.249"/>
  <system-out/>
  <testcase classname="com.qa.HIS.BrowserCompatibility_HIS.LossBreakageTest" name="TC_Store_Loss_and_Breakage_004" time="3.570"/>
  <system-out/>
  <testcase classname="com.qa.HIS.BrowserCompatibility_HIS.LossBreakageTest" name="TC_Store_Loss_and_Breakage_005" time="5.745"/>
  <system-out/>
  <testcase classname="com.qa.HIS.BrowserCompatibility_HIS.LossBreakageTest" name="TC_Store_Loss_and_Breakage_006" time="9.372"/>
  <system-out/>
  <testcase classname="com.qa.HIS.BrowserCompatibility_HIS.LossBreakageTest" name="TC_Store_Loss_and_Breakage_009" time="4.269"/>
  <system-out/>
  <testcase classname="com.qa.HIS.BrowserCompatibility_HIS.LossBreakageTest" name="TC_Store_Loss_and_Breakage_010" time="6.538"/>
  <system-out/>
  <testcase classname="com.qa.HIS.BrowserCompatibility_HIS.LossBreakageTest" name="TC_Store_Loss_and_Breakage_011" time="4.520"/>
  <system-out/>
  <testcase classname="com.qa.HIS.BrowserCompatibility_HIS.LossBreakageTest" name="TC_Store_Loss_and_Breakage_012" time="6.781"/>
  <system-out/>
</testsuite> <!-- com.qa.HIS.BrowserCompatibility_HIS.LossBreakageTest -->
