<?xml version="1.0" encoding="UTF-8"?>
<!-- Generated by org.testng.reporters.JUnitReportReporter -->
<testsuite hostname="DESKTOP-D23LR3J" failures="0" tests="6" name="com.qa.HIS.BrowserCompatibility_HIS.Medical_Birth_Registration_Test" time="245.007" errors="0" timestamp="2023-06-08T10:07:44 IST" skipped="0">
  <testcase classname="com.qa.HIS.BrowserCompatibility_HIS.Medical_Birth_Registration_Test" name="doLoginTest" time="3.107"/>
  <system-out/>
  <testcase classname="com.qa.HIS.BrowserCompatibility_HIS.Medical_Birth_Registration_Test" name="doNavigateToSelectHospitalLocationTest" time="0.005"/>
  <system-out/>
  <testcase classname="com.qa.HIS.BrowserCompatibility_HIS.Medical_Birth_Registration_Test" name="changeHospitalLocationTest" time="12.554"/>
  <system-out/>
  <testcase classname="com.qa.HIS.BrowserCompatibility_HIS.Medical_Birth_Registration_Test" name="To_ChecktheFunctionalityOfFatchtheDetail" time="83.961"/>
  <system-out/>
  <testcase classname="com.qa.HIS.BrowserCompatibility_HIS.Medical_Birth_Registration_Test" name="To_ChecktheFunctionalityoFBabyAdmission" time="77.514"/>
  <system-out/>
  <testcase classname="com.qa.HIS.BrowserCompatibility_HIS.Medical_Birth_Registration_Test" name="testcaseforBirthRegistration" time="67.866"/>
  <system-out/>
</testsuite> <!-- com.qa.HIS.BrowserCompatibility_HIS.Medical_Birth_Registration_Test -->
