<?xml version="1.0" encoding="UTF-8"?>
<!-- Generated by org.testng.reporters.JUnitReportReporter -->
<testsuite hostname="DESKTOP-D23LR3J" failures="0" tests="7" name="com.qa.HIS.BrowserCompatibility_HIS.PrevantingHealthCheckUpTest2" time="74.758" errors="0" timestamp="2022-10-11T16:06:59 IST" skipped="0">
  <testcase classname="com.qa.HIS.BrowserCompatibility_HIS.PrevantingHealthCheckUpTest2" name="doLoginTest" time="1.828"/>
  <system-out/>
  <testcase classname="com.qa.HIS.BrowserCompatibility_HIS.PrevantingHealthCheckUpTest2" name="doNavigateToSelectHospitalLocationTest" time="0.004"/>
  <system-out/>
  <testcase classname="com.qa.HIS.BrowserCompatibility_HIS.PrevantingHealthCheckUpTest2" name="doNavigateToHISHomeTest" time="17.738"/>
  <system-out/>
  <testcase classname="com.qa.HIS.BrowserCompatibility_HIS.PrevantingHealthCheckUpTest2" name="doNavigateToPatientCheckInTest" time="1.901"/>
  <system-out/>
  <testcase classname="com.qa.HIS.BrowserCompatibility_HIS.PrevantingHealthCheckUpTest2" name="Annual_Preventive_Check_up_Validation_TC_05" time="28.288"/>
  <system-out/>
  <testcase classname="com.qa.HIS.BrowserCompatibility_HIS.PrevantingHealthCheckUpTest2" name="Annual_Preventive_Check_up_Validation_TC_06" time="24.857"/>
  <system-out/>
  <testcase classname="com.qa.HIS.BrowserCompatibility_HIS.PrevantingHealthCheckUpTest2" name="Annual_Preventive_Check_up_Validation_TC_07" time="0.142"/>
  <system-out/>
</testsuite> <!-- com.qa.HIS.BrowserCompatibility_HIS.PrevantingHealthCheckUpTest2 -->
