<?xml version="1.0" encoding="UTF-8"?>
<!-- Generated by org.testng.reporters.JUnitReportReporter -->
<testsuite hostname="DESKTOP-D23LR3J" failures="0" tests="8" name="com.qa.HIS.BrowserCompatibility_HIS.BedStatusTest" time="63.880" errors="0" timestamp="2023-05-31T17:04:40 IST" skipped="0">
  <testcase classname="com.qa.HIS.BrowserCompatibility_HIS.BedStatusTest" name="doLoginTest" time="1.146"/>
  <system-out/>
  <testcase classname="com.qa.HIS.BrowserCompatibility_HIS.BedStatusTest" name="doNavigateToSelectHospitalLocationTest" time="0.003"/>
  <system-out/>
  <testcase classname="com.qa.HIS.BrowserCompatibility_HIS.BedStatusTest" name="doNavigateToHISHomeTest" time="12.599"/>
  <system-out/>
  <testcase classname="com.qa.HIS.BrowserCompatibility_HIS.BedStatusTest" name="doNavigateToBedStatusLink" time="5.566"/>
  <system-out/>
  <testcase classname="com.qa.HIS.BrowserCompatibility_HIS.BedStatusTest" name="Registration_Bed_Status_TC_1" time="21.333"/>
  <system-out/>
  <testcase classname="com.qa.HIS.BrowserCompatibility_HIS.BedStatusTest" name="Registration_Bed_Status_TC_2" time="10.985"/>
  <system-out/>
  <testcase classname="com.qa.HIS.BrowserCompatibility_HIS.BedStatusTest" name="Registration_Bed_Status_TC_4" time="2.268"/>
  <system-out/>
  <testcase classname="com.qa.HIS.BrowserCompatibility_HIS.BedStatusTest" name="Registration_Bed_Status_TC_3" time="9.980"/>
  <system-out/>
</testsuite> <!-- com.qa.HIS.BrowserCompatibility_HIS.BedStatusTest -->
