<?xml version="1.0" encoding="UTF-8"?>
<!-- Generated by org.testng.reporters.JUnitReportReporter -->
<testsuite hostname="DESKTOP-D23LR3J" failures="0" tests="13" name="com.qa.HIS.BrowserCompatibility_HIS.ANMServicesTest" time="142.923" errors="0" timestamp="2023-06-09T15:27:05 IST" skipped="0">
  <testcase classname="com.qa.HIS.BrowserCompatibility_HIS.ANMServicesTest" name="doLoginTest" time="1.043"/>
  <system-out/>
  <testcase classname="com.qa.HIS.BrowserCompatibility_HIS.ANMServicesTest" name="doNavigateToSelectHospitalLocationTest" time="0.003"/>
  <system-out/>
  <testcase classname="com.qa.HIS.BrowserCompatibility_HIS.ANMServicesTest" name="doNavigateToHISHomeTest" time="23.604"/>
  <system-out/>
  <testcase classname="com.qa.HIS.BrowserCompatibility_HIS.ANMServicesTest" name="doNavigateToPatientCheckInTest" time="1.299"/>
  <system-out/>
  <testcase classname="com.qa.HIS.BrowserCompatibility_HIS.ANMServicesTest" name="doPatientCheckINTest" time="22.682"/>
  <system-out/>
  <testcase classname="com.qa.HIS.BrowserCompatibility_HIS.ANMServicesTest" name="doNavigateToDoctorWorklistTest" time="14.033"/>
  <system-out/>
  <testcase classname="com.qa.HIS.BrowserCompatibility_HIS.ANMServicesTest" name="doCasesheetprecripstionTest" time="37.210"/>
  <system-out/>
  <testcase classname="com.qa.HIS.BrowserCompatibility_HIS.ANMServicesTest" name="doANMServicesTest" time="1.180"/>
  <system-out/>
  <testcase classname="com.qa.HIS.BrowserCompatibility_HIS.ANMServicesTest" name="CLM_ANM_servicess_TC_004" time="8.429"/>
  <system-out/>
  <testcase classname="com.qa.HIS.BrowserCompatibility_HIS.ANMServicesTest" name="CLM_ANM_servicess_TC_005" time="6.501"/>
  <system-out/>
  <testcase classname="com.qa.HIS.BrowserCompatibility_HIS.ANMServicesTest" name="CLM_ANM_servicess_TC_006" time="6.262"/>
  <system-out/>
  <testcase classname="com.qa.HIS.BrowserCompatibility_HIS.ANMServicesTest" name="CLM_ANM_servicess_TC_0010" time="14.375"/>
  <system-out/>
  <testcase classname="com.qa.HIS.BrowserCompatibility_HIS.ANMServicesTest" name="CLM_ANM_servicess_TC_008" time="6.302"/>
  <system-out/>
</testsuite> <!-- com.qa.HIS.BrowserCompatibility_HIS.ANMServicesTest -->
