<?xml version="1.0" encoding="UTF-8"?>
<!-- Generated by org.testng.reporters.JUnitReportReporter -->
<testsuite hostname="DESKTOP-D23LR3J" failures="0" tests="8" name="com.qa.HIS.BrowserCompatibility_HIS.Home_Sample_Collection_SchedulerTest" time="34.266" errors="0" timestamp="2023-04-11T12:12:06 IST" skipped="0">
  <testcase classname="com.qa.HIS.BrowserCompatibility_HIS.Home_Sample_Collection_SchedulerTest" name="doLoginTest" time="3.166"/>
  <system-out/>
  <testcase classname="com.qa.HIS.BrowserCompatibility_HIS.Home_Sample_Collection_SchedulerTest" name="doNavigateToSelectHospitalLocationTest" time="0.004"/>
  <system-out/>
  <testcase classname="com.qa.HIS.BrowserCompatibility_HIS.Home_Sample_Collection_SchedulerTest" name="doNavigateToHISHomeTest" time="11.682"/>
  <system-out/>
  <testcase classname="com.qa.HIS.BrowserCompatibility_HIS.Home_Sample_Collection_SchedulerTest" name="HIS_HSCS_TC_3" time="1.330"/>
  <system-out/>
  <testcase classname="com.qa.HIS.BrowserCompatibility_HIS.Home_Sample_Collection_SchedulerTest" name="HIS_HSCS_TC_4" time="4.606"/>
  <system-out/>
  <testcase classname="com.qa.HIS.BrowserCompatibility_HIS.Home_Sample_Collection_SchedulerTest" name="HIS_HSCS_TC_5" time="2.419"/>
  <system-out/>
  <testcase classname="com.qa.HIS.BrowserCompatibility_HIS.Home_Sample_Collection_SchedulerTest" name="HIS_HSCS_TC_6" time="6.752"/>
  <system-out/>
  <testcase classname="com.qa.HIS.BrowserCompatibility_HIS.Home_Sample_Collection_SchedulerTest" name="HIS_HSCS_TC_7" time="4.307"/>
  <system-out/>
</testsuite> <!-- com.qa.HIS.BrowserCompatibility_HIS.Home_Sample_Collection_SchedulerTest -->
